2025-11-23 23:07:41.873 [main] INFO  org.Zewang.myBlog.MyBlogApplication - Starting MyBlogApplication using Java 21.0.8 with PID 48232 (D:\Zewang\PROJECTS\myBlog_v2\target\classes started by zewan in D:\Zewang\PROJECTS\myBlog_v2)
2025-11-23 23:07:41.874 [main] DEBUG org.Zewang.myBlog.MyBlogApplication - Running with Spring Boot v3.2.5, Spring v6.1.6
2025-11-23 23:07:41.875 [main] INFO  org.Zewang.myBlog.MyBlogApplication - No active profile set, falling back to 1 default profile: "default"
2025-11-23 23:07:44.256 [main] INFO  o.a.catalina.core.StandardService - Starting service [Tomcat]
2025-11-23 23:07:44.257 [main] INFO  o.a.catalina.core.StandardEngine - Starting Servlet engine: [Apache Tomcat/10.1.20]
2025-11-23 23:07:44.345 [main] INFO  o.a.c.c.C.[Tomcat].[localhost].[/] - Initializing Spring embedded WebApplicationContext
2025-11-23 23:07:44.447 [main] DEBUG o.Z.m.config.JwtAuthenticationFilter - Filter 'jwtAuthenticationFilter' configured for use
2025-11-23 23:07:44.705 [main] INFO  org.mongodb.driver.client - MongoClient with metadata {"driver": {"name": "mongo-java-driver|sync|spring-boot", "version": "4.11.2"}, "os": {"type": "Windows", "name": "Windows 11", "architecture": "amd64", "version": "10.0"}, "platform": "Java/Oracle Corporation/21.0.8+12-LTS-250"} created with settings MongoClientSettings{readPreference=primary, writeConcern=WriteConcern{w=null, wTimeout=null ms, journal=null}, retryWrites=true, retryReads=true, readConcern=ReadConcern{level=null}, credential=null, transportSettings=null, streamFactoryFactory=null, commandListeners=[], codecRegistry=ProvidersCodecRegistry{codecProviders=[ValueCodecProvider{}, BsonValueCodecProvider{}, DBRefCodecProvider{}, DBObjectCodecProvider{}, DocumentCodecProvider{}, CollectionCodecProvider{}, IterableCodecProvider{}, MapCodecProvider{}, GeoJsonCodecProvider{}, GridFSFileCodecProvider{}, Jsr310CodecProvider{}, JsonObjectCodecProvider{}, BsonCodecProvider{}, EnumCodecProvider{}, com.mongodb.client.model.mql.ExpressionCodecProvider@5b332439, com.mongodb.Jep395RecordCodecProvider@59262a90, com.mongodb.KotlinCodecProvider@78479f2b]}, loggerSettings=LoggerSettings{maxDocumentLength=1000}, clusterSettings={hosts=[localhost:27017], srvServiceName=mongodb, mode=SINGLE, requiredClusterType=UNKNOWN, requiredReplicaSetName='null', serverSelector='null', clusterListeners='[]', serverSelectionTimeout='30000 ms', localThreshold='15 ms'}, socketSettings=SocketSettings{connectTimeoutMS=10000, readTimeoutMS=0, receiveBufferSize=0, proxySettings=ProxySettings{host=null, port=null, username=null, password=null}}, heartbeatSocketSettings=SocketSettings{connectTimeoutMS=10000, readTimeoutMS=10000, receiveBufferSize=0, proxySettings=ProxySettings{host=null, port=null, username=null, password=null}}, connectionPoolSettings=ConnectionPoolSettings{maxSize=100, minSize=0, maxWaitTimeMS=120000, maxConnectionLifeTimeMS=0, maxConnectionIdleTimeMS=0, maintenanceInitialDelayMS=0, maintenanceFrequencyMS=60000, connectionPoolListeners=[], maxConnecting=2}, serverSettings=ServerSettings{heartbeatFrequencyMS=10000, minHeartbeatFrequencyMS=500, serverListeners='[]', serverMonitorListeners='[]'}, sslSettings=SslSettings{enabled=false, invalidHostNameAllowed=false, context=null}, applicationName='null', compressorList=[], uuidRepresentation=JAVA_LEGACY, serverApi=null, autoEncryptionSettings=null, dnsClient=null, inetAddressResolver=null, contextProvider=null}
2025-11-23 23:07:44.717 [main] INFO  o.Zewang.myBlog.config.MongoConfig - MongoDB自定义转换器配置中...
2025-11-23 23:07:44.721 [main] INFO  o.Zewang.myBlog.config.MongoConfig - MongoDB自定义转换器已配置，包含类型转换支持
2025-11-23 23:07:44.725 [cluster-ClusterId{value='69232340abfd640b82c97f22', description='null'}-localhost:27017] INFO  org.mongodb.driver.cluster - Monitor thread successfully connected to server with description ServerDescription{address=localhost:27017, type=STANDALONE, state=CONNECTED, ok=true, minWireVersion=0, maxWireVersion=21, maxDocumentSize=16777216, logicalSessionTimeoutMinutes=30, roundTripTimeNanos=22258000}
2025-11-23 23:07:45.333 [main] WARN  o.s.b.w.s.c.AnnotationConfigServletWebServerApplicationContext - Exception encountered during context initialization - cancelling refresh attempt: org.springframework.beans.factory.UnsatisfiedDependencyException: Error creating bean with name 'cacheController' defined in file [D:\Zewang\PROJECTS\myBlog_v2\target\classes\org\Zewang\myBlog\controller\admin\CacheController.class]: Unsatisfied dependency expressed through constructor parameter 0: No qualifying bean of type 'org.springframework.cache.CacheManager' available: expected at least 1 bean which qualifies as autowire candidate. Dependency annotations: {}
2025-11-23 23:07:45.340 [main] INFO  o.a.catalina.core.StandardService - Stopping service [Tomcat]
2025-11-23 23:07:45.388 [main] ERROR o.s.b.d.LoggingFailureAnalysisReporter - 

***************************
APPLICATION FAILED TO START
***************************

Description:

Parameter 0 of constructor in org.Zewang.myBlog.controller.admin.CacheController required a bean of type 'org.springframework.cache.CacheManager' that could not be found.


Action:

Consider defining a bean of type 'org.springframework.cache.CacheManager' in your configuration.

2025-11-23 23:09:36.847 [main] INFO  org.Zewang.myBlog.MyBlogApplication - Starting MyBlogApplication using Java 21.0.8 with PID 36280 (D:\Zewang\PROJECTS\myBlog_v2\target\classes started by zewan in D:\Zewang\PROJECTS\myBlog_v2)
2025-11-23 23:09:36.848 [main] DEBUG org.Zewang.myBlog.MyBlogApplication - Running with Spring Boot v3.2.5, Spring v6.1.6
2025-11-23 23:09:36.848 [main] INFO  org.Zewang.myBlog.MyBlogApplication - No active profile set, falling back to 1 default profile: "default"
2025-11-23 23:09:38.591 [main] INFO  o.a.catalina.core.StandardService - Starting service [Tomcat]
2025-11-23 23:09:38.593 [main] INFO  o.a.catalina.core.StandardEngine - Starting Servlet engine: [Apache Tomcat/10.1.20]
2025-11-23 23:09:38.682 [main] INFO  o.a.c.c.C.[Tomcat].[localhost].[/] - Initializing Spring embedded WebApplicationContext
2025-11-23 23:09:38.750 [main] DEBUG o.Z.m.config.JwtAuthenticationFilter - Filter 'jwtAuthenticationFilter' configured for use
2025-11-23 23:09:38.928 [main] INFO  org.mongodb.driver.client - MongoClient with metadata {"driver": {"name": "mongo-java-driver|sync|spring-boot", "version": "4.11.2"}, "os": {"type": "Windows", "name": "Windows 11", "architecture": "amd64", "version": "10.0"}, "platform": "Java/Oracle Corporation/21.0.8+12-LTS-250"} created with settings MongoClientSettings{readPreference=primary, writeConcern=WriteConcern{w=null, wTimeout=null ms, journal=null}, retryWrites=true, retryReads=true, readConcern=ReadConcern{level=null}, credential=null, transportSettings=null, streamFactoryFactory=null, commandListeners=[], codecRegistry=ProvidersCodecRegistry{codecProviders=[ValueCodecProvider{}, BsonValueCodecProvider{}, DBRefCodecProvider{}, DBObjectCodecProvider{}, DocumentCodecProvider{}, CollectionCodecProvider{}, IterableCodecProvider{}, MapCodecProvider{}, GeoJsonCodecProvider{}, GridFSFileCodecProvider{}, Jsr310CodecProvider{}, JsonObjectCodecProvider{}, BsonCodecProvider{}, EnumCodecProvider{}, com.mongodb.client.model.mql.ExpressionCodecProvider@3e74fd84, com.mongodb.Jep395RecordCodecProvider@147efd9, com.mongodb.KotlinCodecProvider@1e120628]}, loggerSettings=LoggerSettings{maxDocumentLength=1000}, clusterSettings={hosts=[localhost:27017], srvServiceName=mongodb, mode=SINGLE, requiredClusterType=UNKNOWN, requiredReplicaSetName='null', serverSelector='null', clusterListeners='[]', serverSelectionTimeout='30000 ms', localThreshold='15 ms'}, socketSettings=SocketSettings{connectTimeoutMS=10000, readTimeoutMS=0, receiveBufferSize=0, proxySettings=ProxySettings{host=null, port=null, username=null, password=null}}, heartbeatSocketSettings=SocketSettings{connectTimeoutMS=10000, readTimeoutMS=10000, receiveBufferSize=0, proxySettings=ProxySettings{host=null, port=null, username=null, password=null}}, connectionPoolSettings=ConnectionPoolSettings{maxSize=100, minSize=0, maxWaitTimeMS=120000, maxConnectionLifeTimeMS=0, maxConnectionIdleTimeMS=0, maintenanceInitialDelayMS=0, maintenanceFrequencyMS=60000, connectionPoolListeners=[], maxConnecting=2}, serverSettings=ServerSettings{heartbeatFrequencyMS=10000, minHeartbeatFrequencyMS=500, serverListeners='[]', serverMonitorListeners='[]'}, sslSettings=SslSettings{enabled=false, invalidHostNameAllowed=false, context=null}, applicationName='null', compressorList=[], uuidRepresentation=JAVA_LEGACY, serverApi=null, autoEncryptionSettings=null, dnsClient=null, inetAddressResolver=null, contextProvider=null}
2025-11-23 23:09:38.933 [main] INFO  o.Zewang.myBlog.config.MongoConfig - MongoDB自定义转换器配置中...
2025-11-23 23:09:38.938 [main] INFO  o.Zewang.myBlog.config.MongoConfig - MongoDB自定义转换器已配置，包含类型转换支持
2025-11-23 23:09:38.938 [cluster-ClusterId{value='692323b2980db3706021eaa1', description='null'}-localhost:27017] INFO  org.mongodb.driver.cluster - Monitor thread successfully connected to server with description ServerDescription{address=localhost:27017, type=STANDALONE, state=CONNECTED, ok=true, minWireVersion=0, maxWireVersion=21, maxDocumentSize=16777216, logicalSessionTimeoutMinutes=30, roundTripTimeNanos=18806400}
2025-11-23 23:09:39.373 [main] WARN  o.s.b.w.s.c.AnnotationConfigServletWebServerApplicationContext - Exception encountered during context initialization - cancelling refresh attempt: org.springframework.beans.factory.UnsatisfiedDependencyException: Error creating bean with name 'cacheController' defined in file [D:\Zewang\PROJECTS\myBlog_v2\target\classes\org\Zewang\myBlog\controller\admin\CacheController.class]: Unsatisfied dependency expressed through constructor parameter 0: No qualifying bean of type 'org.springframework.cache.CacheManager' available: expected at least 1 bean which qualifies as autowire candidate. Dependency annotations: {}
2025-11-23 23:09:39.378 [main] INFO  o.a.catalina.core.StandardService - Stopping service [Tomcat]
2025-11-23 23:09:39.425 [main] ERROR o.s.b.d.LoggingFailureAnalysisReporter - 

***************************
APPLICATION FAILED TO START
***************************

Description:

Parameter 0 of constructor in org.Zewang.myBlog.controller.admin.CacheController required a bean of type 'org.springframework.cache.CacheManager' that could not be found.


Action:

Consider defining a bean of type 'org.springframework.cache.CacheManager' in your configuration.

2025-11-23 23:15:32.659 [main] INFO  o.Z.myBlog.MyBlogApplicationTests - Starting MyBlogApplicationTests using Java 21.0.8 with PID 13892 (started by zewan in D:\Zewang\PROJECTS\myBlog_v2)
2025-11-23 23:15:32.660 [main] DEBUG o.Z.myBlog.MyBlogApplicationTests - Running with Spring Boot v3.2.5, Spring v6.1.6
2025-11-23 23:15:32.660 [main] INFO  o.Z.myBlog.MyBlogApplicationTests - No active profile set, falling back to 1 default profile: "default"
2025-11-23 23:15:34.670 [main] INFO  org.mongodb.driver.client - MongoClient with metadata {"driver": {"name": "mongo-java-driver|sync|spring-boot", "version": "4.11.2"}, "os": {"type": "Windows", "name": "Windows 11", "architecture": "amd64", "version": "10.0"}, "platform": "Java/Oracle Corporation/21.0.8+12-LTS-250"} created with settings MongoClientSettings{readPreference=primary, writeConcern=WriteConcern{w=null, wTimeout=null ms, journal=null}, retryWrites=true, retryReads=true, readConcern=ReadConcern{level=null}, credential=null, transportSettings=null, streamFactoryFactory=null, commandListeners=[], codecRegistry=ProvidersCodecRegistry{codecProviders=[ValueCodecProvider{}, BsonValueCodecProvider{}, DBRefCodecProvider{}, DBObjectCodecProvider{}, DocumentCodecProvider{}, CollectionCodecProvider{}, IterableCodecProvider{}, MapCodecProvider{}, GeoJsonCodecProvider{}, GridFSFileCodecProvider{}, Jsr310CodecProvider{}, JsonObjectCodecProvider{}, BsonCodecProvider{}, EnumCodecProvider{}, com.mongodb.client.model.mql.ExpressionCodecProvider@1600a8a2, com.mongodb.Jep395RecordCodecProvider@6b25ef1c, com.mongodb.KotlinCodecProvider@56b1e527]}, loggerSettings=LoggerSettings{maxDocumentLength=1000}, clusterSettings={hosts=[localhost:27017], srvServiceName=mongodb, mode=SINGLE, requiredClusterType=UNKNOWN, requiredReplicaSetName='null', serverSelector='null', clusterListeners='[]', serverSelectionTimeout='30000 ms', localThreshold='15 ms'}, socketSettings=SocketSettings{connectTimeoutMS=10000, readTimeoutMS=0, receiveBufferSize=0, proxySettings=ProxySettings{host=null, port=null, username=null, password=null}}, heartbeatSocketSettings=SocketSettings{connectTimeoutMS=10000, readTimeoutMS=10000, receiveBufferSize=0, proxySettings=ProxySettings{host=null, port=null, username=null, password=null}}, connectionPoolSettings=ConnectionPoolSettings{maxSize=100, minSize=0, maxWaitTimeMS=120000, maxConnectionLifeTimeMS=0, maxConnectionIdleTimeMS=0, maintenanceInitialDelayMS=0, maintenanceFrequencyMS=60000, connectionPoolListeners=[], maxConnecting=2}, serverSettings=ServerSettings{heartbeatFrequencyMS=10000, minHeartbeatFrequencyMS=500, serverListeners='[]', serverMonitorListeners='[]'}, sslSettings=SslSettings{enabled=false, invalidHostNameAllowed=false, context=null}, applicationName='null', compressorList=[], uuidRepresentation=JAVA_LEGACY, serverApi=null, autoEncryptionSettings=null, dnsClient=null, inetAddressResolver=null, contextProvider=null}
2025-11-23 23:15:34.707 [main] INFO  o.Zewang.myBlog.config.MongoConfig - MongoDB自定义转换器配置中...
2025-11-23 23:15:34.719 [main] INFO  o.Zewang.myBlog.config.MongoConfig - MongoDB自定义转换器已配置，包含类型转换支持
2025-11-23 23:15:34.774 [cluster-ClusterId{value='692325164675cd5bf4e0c598', description='null'}-localhost:27017] INFO  org.mongodb.driver.cluster - Monitor thread successfully connected to server with description ServerDescription{address=localhost:27017, type=STANDALONE, state=CONNECTED, ok=true, minWireVersion=0, maxWireVersion=21, maxDocumentSize=16777216, logicalSessionTimeoutMinutes=30, roundTripTimeNanos=89950200}
2025-11-23 23:15:37.433 [main] INFO  o.Z.myBlog.MyBlogApplicationTests - Started MyBlogApplicationTests in 5.097 seconds (process running for 6.08)
2025-11-23 23:15:38.170 [main] INFO  o.Z.m.s.a.impl.ArticleServiceImpl - 更新文章, ID: 1
2025-11-23 23:15:38.174 [main] INFO  o.Z.m.s.a.impl.ArticleServiceImpl - 文章更新成功, ID: 1
2025-11-23 23:15:38.189 [main] INFO  o.Z.m.s.a.impl.ArticleServiceImpl - 根据ID获取文章, id=999
2025-11-23 23:15:38.197 [main] INFO  o.Z.m.s.a.impl.ArticleServiceImpl - 创建文章, 标题: 测试标题
2025-11-23 23:15:38.197 [main] WARN  o.Z.m.s.a.impl.ArticleServiceImpl - 创建文章失败，标题已存在: 测试标题
2025-11-23 23:15:38.200 [main] INFO  o.Z.m.s.a.impl.ArticleServiceImpl - 删除文章, ID: 1
2025-11-23 23:15:38.200 [main] INFO  o.Z.m.s.a.impl.ArticleServiceImpl - 文章删除成功, ID: 1
2025-11-23 23:15:38.203 [main] INFO  o.Z.m.s.a.impl.ArticleServiceImpl - 根据ID获取文章, id=1
2025-11-23 23:15:38.210 [main] INFO  o.Z.m.s.a.impl.ArticleServiceImpl - 获取所有文章
2025-11-23 23:15:38.213 [main] INFO  o.Z.m.s.a.impl.ArticleServiceImpl - 创建文章, 标题: 测试标题
2025-11-23 23:15:38.214 [main] INFO  o.Z.m.s.a.impl.ArticleServiceImpl - 文章创建成功, ID: 1
2025-11-23 23:15:38.218 [main] INFO  o.Z.m.s.a.impl.ArticleServiceImpl - 删除文章, ID: 999
2025-11-23 23:15:38.218 [main] WARN  o.Z.m.s.a.impl.ArticleServiceImpl - 删除失败，文章不存在, ID: 999
2025-11-23 23:15:45.726 [main] INFO  org.Zewang.myBlog.MyBlogApplication - Starting MyBlogApplication using Java 21.0.8 with PID 51044 (D:\Zewang\PROJECTS\myBlog_v2\target\classes started by zewan in D:\Zewang\PROJECTS\myBlog_v2)
2025-11-23 23:15:45.728 [main] DEBUG org.Zewang.myBlog.MyBlogApplication - Running with Spring Boot v3.2.5, Spring v6.1.6
2025-11-23 23:15:45.729 [main] INFO  org.Zewang.myBlog.MyBlogApplication - No active profile set, falling back to 1 default profile: "default"
2025-11-23 23:15:47.346 [main] INFO  o.a.catalina.core.StandardService - Starting service [Tomcat]
2025-11-23 23:15:47.347 [main] INFO  o.a.catalina.core.StandardEngine - Starting Servlet engine: [Apache Tomcat/10.1.20]
2025-11-23 23:15:47.443 [main] INFO  o.a.c.c.C.[Tomcat].[localhost].[/] - Initializing Spring embedded WebApplicationContext
2025-11-23 23:15:47.510 [main] DEBUG o.Z.m.config.JwtAuthenticationFilter - Filter 'jwtAuthenticationFilter' configured for use
2025-11-23 23:15:47.673 [main] INFO  org.mongodb.driver.client - MongoClient with metadata {"driver": {"name": "mongo-java-driver|sync|spring-boot", "version": "4.11.2"}, "os": {"type": "Windows", "name": "Windows 11", "architecture": "amd64", "version": "10.0"}, "platform": "Java/Oracle Corporation/21.0.8+12-LTS-250"} created with settings MongoClientSettings{readPreference=primary, writeConcern=WriteConcern{w=null, wTimeout=null ms, journal=null}, retryWrites=true, retryReads=true, readConcern=ReadConcern{level=null}, credential=null, transportSettings=null, streamFactoryFactory=null, commandListeners=[], codecRegistry=ProvidersCodecRegistry{codecProviders=[ValueCodecProvider{}, BsonValueCodecProvider{}, DBRefCodecProvider{}, DBObjectCodecProvider{}, DocumentCodecProvider{}, CollectionCodecProvider{}, IterableCodecProvider{}, MapCodecProvider{}, GeoJsonCodecProvider{}, GridFSFileCodecProvider{}, Jsr310CodecProvider{}, JsonObjectCodecProvider{}, BsonCodecProvider{}, EnumCodecProvider{}, com.mongodb.client.model.mql.ExpressionCodecProvider@66b0e207, com.mongodb.Jep395RecordCodecProvider@74a58a06, com.mongodb.KotlinCodecProvider@7308c820]}, loggerSettings=LoggerSettings{maxDocumentLength=1000}, clusterSettings={hosts=[localhost:27017], srvServiceName=mongodb, mode=SINGLE, requiredClusterType=UNKNOWN, requiredReplicaSetName='null', serverSelector='null', clusterListeners='[]', serverSelectionTimeout='30000 ms', localThreshold='15 ms'}, socketSettings=SocketSettings{connectTimeoutMS=10000, readTimeoutMS=0, receiveBufferSize=0, proxySettings=ProxySettings{host=null, port=null, username=null, password=null}}, heartbeatSocketSettings=SocketSettings{connectTimeoutMS=10000, readTimeoutMS=10000, receiveBufferSize=0, proxySettings=ProxySettings{host=null, port=null, username=null, password=null}}, connectionPoolSettings=ConnectionPoolSettings{maxSize=100, minSize=0, maxWaitTimeMS=120000, maxConnectionLifeTimeMS=0, maxConnectionIdleTimeMS=0, maintenanceInitialDelayMS=0, maintenanceFrequencyMS=60000, connectionPoolListeners=[], maxConnecting=2}, serverSettings=ServerSettings{heartbeatFrequencyMS=10000, minHeartbeatFrequencyMS=500, serverListeners='[]', serverMonitorListeners='[]'}, sslSettings=SslSettings{enabled=false, invalidHostNameAllowed=false, context=null}, applicationName='null', compressorList=[], uuidRepresentation=JAVA_LEGACY, serverApi=null, autoEncryptionSettings=null, dnsClient=null, inetAddressResolver=null, contextProvider=null}
2025-11-23 23:15:47.681 [main] INFO  o.Zewang.myBlog.config.MongoConfig - MongoDB自定义转换器配置中...
2025-11-23 23:15:47.684 [main] INFO  o.Zewang.myBlog.config.MongoConfig - MongoDB自定义转换器已配置，包含类型转换支持
2025-11-23 23:15:47.685 [cluster-ClusterId{value='69232523dd8f7c337a51c29e', description='null'}-localhost:27017] INFO  org.mongodb.driver.cluster - Monitor thread successfully connected to server with description ServerDescription{address=localhost:27017, type=STANDALONE, state=CONNECTED, ok=true, minWireVersion=0, maxWireVersion=21, maxDocumentSize=16777216, logicalSessionTimeoutMinutes=30, roundTripTimeNanos=16547800}
2025-11-23 23:15:49.137 [main] INFO  org.Zewang.myBlog.MyBlogApplication - Started MyBlogApplication in 3.829 seconds (process running for 4.369)
2025-11-23 23:16:01.928 [http-nio-8080-exec-9] INFO  o.a.c.c.C.[Tomcat].[localhost].[/] - Initializing Spring DispatcherServlet 'dispatcherServlet'
2025-11-23 23:16:02.009 [http-nio-8080-exec-1] INFO  o.Z.m.s.c.impl.CategoryServiceImpl - 获取所有分类
2025-11-23 23:16:02.009 [http-nio-8080-exec-2] INFO  o.Z.m.s.a.impl.ArticleServiceImpl - 获取已发布的文章
2025-11-23 23:16:02.009 [http-nio-8080-exec-9] INFO  o.Z.m.s.a.impl.ArticleServiceImpl - 获取所有文章
2025-11-23 23:16:02.013 [http-nio-8080-exec-2] DEBUG o.Zewang.myBlog.config.MongoConfig - 将ArticleStatus转换为字符串: PUBLISHED
2025-11-23 23:16:02.049 [http-nio-8080-exec-9] DEBUG o.Zewang.myBlog.config.MongoConfig - 尝试将字符串转换为ArticleStatus: PUBLISHED
2025-11-23 23:16:02.049 [http-nio-8080-exec-2] DEBUG o.Zewang.myBlog.config.MongoConfig - 尝试将字符串转换为ArticleStatus: PUBLISHED
2025-11-23 23:16:02.053 [http-nio-8080-exec-9] DEBUG o.Zewang.myBlog.config.MongoConfig - 尝试将整数转换为ArticleStatus: 1
2025-11-23 23:16:02.053 [http-nio-8080-exec-2] DEBUG o.Zewang.myBlog.config.MongoConfig - 尝试将字符串转换为ArticleStatus: PUBLISHED
2025-11-23 23:16:02.054 [http-nio-8080-exec-9] DEBUG o.Zewang.myBlog.config.MongoConfig - 尝试将字符串转换为整数: DRAFT
2025-11-23 23:16:02.055 [http-nio-8080-exec-9] DEBUG o.Zewang.myBlog.config.MongoConfig - 尝试将字符串转换为整数: DRAFT
2025-11-23 23:16:02.057 [http-nio-8080-exec-9] DEBUG o.Zewang.myBlog.config.MongoConfig - 尝试将字符串转换为ArticleStatus: PUBLISHED
2025-11-23 23:16:02.057 [http-nio-8080-exec-9] DEBUG o.Zewang.myBlog.config.MongoConfig - 尝试将整数转换为ArticleStatus: 0
2025-11-23 23:16:02.057 [http-nio-8080-exec-1] DEBUG o.Zewang.myBlog.config.MongoConfig - 尝试将字符串转换为ArticleStatus: PUBLISHED
2025-11-23 23:16:02.057 [http-nio-8080-exec-1] DEBUG o.Zewang.myBlog.config.MongoConfig - 尝试将整数转换为ArticleStatus: 1
2025-11-23 23:16:02.057 [http-nio-8080-exec-1] DEBUG o.Zewang.myBlog.config.MongoConfig - 尝试将字符串转换为整数: DRAFT
2025-11-23 23:16:02.058 [http-nio-8080-exec-1] DEBUG o.Zewang.myBlog.config.MongoConfig - 尝试将字符串转换为整数: DRAFT
2025-11-23 23:16:02.058 [http-nio-8080-exec-1] DEBUG o.Zewang.myBlog.config.MongoConfig - 尝试将字符串转换为ArticleStatus: PUBLISHED
2025-11-23 23:16:02.060 [http-nio-8080-exec-1] DEBUG o.Zewang.myBlog.config.MongoConfig - 尝试将整数转换为ArticleStatus: 0
2025-11-23 23:16:03.435 [http-nio-8080-exec-3] INFO  o.Z.m.s.a.impl.ArticleServiceImpl - 根据分类ID获取文章, categoryIds=[68dd359904f19209342ae39e]
2025-11-23 23:16:03.435 [http-nio-8080-exec-3] INFO  o.Z.m.s.a.impl.ArticleServiceImpl - 获取所有文章
2025-11-23 23:16:03.439 [http-nio-8080-exec-3] DEBUG o.Zewang.myBlog.config.MongoConfig - 尝试将字符串转换为ArticleStatus: PUBLISHED
2025-11-23 23:16:03.441 [http-nio-8080-exec-3] DEBUG o.Zewang.myBlog.config.MongoConfig - 尝试将整数转换为ArticleStatus: 1
2025-11-23 23:16:03.441 [http-nio-8080-exec-3] DEBUG o.Zewang.myBlog.config.MongoConfig - 尝试将字符串转换为整数: DRAFT
2025-11-23 23:16:03.441 [http-nio-8080-exec-3] DEBUG o.Zewang.myBlog.config.MongoConfig - 尝试将字符串转换为整数: DRAFT
2025-11-23 23:16:03.441 [http-nio-8080-exec-3] DEBUG o.Zewang.myBlog.config.MongoConfig - 尝试将字符串转换为ArticleStatus: PUBLISHED
2025-11-23 23:16:03.443 [http-nio-8080-exec-3] DEBUG o.Zewang.myBlog.config.MongoConfig - 尝试将整数转换为ArticleStatus: 0
